[2025-06-24 01:56:12] local.ERROR: Unexpected end of input {"exception":"[object] (InvalidArgumentException(code: 0): Unexpected end of input at C:\\laragon\\www\\lara\\vendor\\psy\\psysh\\src\\Shell.php:891)
[stacktrace]
#0 C:\\laragon\\www\\lara\\vendor\\psy\\psysh\\src\\Shell.php(1390): Psy\\Shell->setCode('\\n// Simular el ...', true)
#1 C:\\laragon\\www\\lara\\vendor\\laravel\\tinker\\src\\Console\\TinkerCommand.php(76): Psy\\Shell->execute('\\n// Simular el ...')
#2 C:\\laragon\\www\\lara\\vendor\\laravel\\framework\\src\\Illuminate\\Container\\BoundMethod.php(36): Laravel\\Tinker\\Console\\TinkerCommand->handle()
#3 C:\\laragon\\www\\lara\\vendor\\laravel\\framework\\src\\Illuminate\\Container\\Util.php(43): Illuminate\\Container\\BoundMethod::Illuminate\\Container\\{closure}()
#4 C:\\laragon\\www\\lara\\vendor\\laravel\\framework\\src\\Illuminate\\Container\\BoundMethod.php(96): Illuminate\\Container\\Util::unwrapIfClosure(Object(Closure))
#5 C:\\laragon\\www\\lara\\vendor\\laravel\\framework\\src\\Illuminate\\Container\\BoundMethod.php(35): Illuminate\\Container\\BoundMethod::callBoundMethod(Object(Illuminate\\Foundation\\Application), Array, Object(Closure))
#6 C:\\laragon\\www\\lara\\vendor\\laravel\\framework\\src\\Illuminate\\Container\\Container.php(754): Illuminate\\Container\\BoundMethod::call(Object(Illuminate\\Foundation\\Application), Array, Array, NULL)
#7 C:\\laragon\\www\\lara\\vendor\\laravel\\framework\\src\\Illuminate\\Console\\Command.php(211): Illuminate\\Container\\Container->call(Array)
#8 C:\\laragon\\www\\lara\\vendor\\symfony\\console\\Command\\Command.php(279): Illuminate\\Console\\Command->execute(Object(Symfony\\Component\\Console\\Input\\ArgvInput), Object(Illuminate\\Console\\OutputStyle))
#9 C:\\laragon\\www\\lara\\vendor\\laravel\\framework\\src\\Illuminate\\Console\\Command.php(180): Symfony\\Component\\Console\\Command\\Command->run(Object(Symfony\\Component\\Console\\Input\\ArgvInput), Object(Illuminate\\Console\\OutputStyle))
#10 C:\\laragon\\www\\lara\\vendor\\symfony\\console\\Application.php(1076): Illuminate\\Console\\Command->run(Object(Symfony\\Component\\Console\\Input\\ArgvInput), Object(Symfony\\Component\\Console\\Output\\ConsoleOutput))
#11 C:\\laragon\\www\\lara\\vendor\\symfony\\console\\Application.php(342): Symfony\\Component\\Console\\Application->doRunCommand(Object(Laravel\\Tinker\\Console\\TinkerCommand), Object(Symfony\\Component\\Console\\Input\\ArgvInput), Object(Symfony\\Component\\Console\\Output\\ConsoleOutput))
#12 C:\\laragon\\www\\lara\\vendor\\symfony\\console\\Application.php(193): Symfony\\Component\\Console\\Application->doRun(Object(Symfony\\Component\\Console\\Input\\ArgvInput), Object(Symfony\\Component\\Console\\Output\\ConsoleOutput))
#13 C:\\laragon\\www\\lara\\vendor\\laravel\\framework\\src\\Illuminate\\Foundation\\Console\\Kernel.php(197): Symfony\\Component\\Console\\Application->run(Object(Symfony\\Component\\Console\\Input\\ArgvInput), Object(Symfony\\Component\\Console\\Output\\ConsoleOutput))
#14 C:\\laragon\\www\\lara\\vendor\\laravel\\framework\\src\\Illuminate\\Foundation\\Application.php(1234): Illuminate\\Foundation\\Console\\Kernel->handle(Object(Symfony\\Component\\Console\\Input\\ArgvInput), Object(Symfony\\Component\\Console\\Output\\ConsoleOutput))
#15 C:\\laragon\\www\\lara\\artisan(13): Illuminate\\Foundation\\Application->handleCommand(Object(Symfony\\Component\\Console\\Input\\ArgvInput))
#16 {main}
"} 
[2025-06-24 01:57:32] local.INFO: User logged in {"user_id":1,"ip":"127.0.0.1"} 
[2025-06-24 01:58:32] local.DEBUG: PHP Upload Configuration {"upload_max_filesize":"2G","post_max_size":"2G","max_file_uploads":"20","upload_tmp_dir":"","memory_limit":"512M","tmp_dir":"C:\\Windows\\Temp"} 
[2025-06-24 01:58:34] local.DEBUG: Upload request received {"files_count":1,"has_pictures":true,"request_data":{"fileId":"5795_images.jpg","initialPreview":"[]","initialPreviewConfig":"[]","initialPreviewThumbTags":"[]","_method":"POST"}} 
[2025-06-24 01:58:34] local.DEBUG: Detailed file analysis {"total_files":1,"file_details":[{"index":0,"name":"images.jpg","size":5795,"mime":"image/jpeg","pathname":"C:\\Windows\\Temp\\phpEC16.tmp","pathname_empty":false,"realpath":false,"realpath_empty":true,"is_valid":true,"error_code":0,"file_exists":true,"is_readable":true}]} 
[2025-06-24 01:58:34] local.DEBUG: Processing file {"index":0,"original_name":"images.jpg","temp_path":"C:\\Windows\\Temp\\phpEC16.tmp","real_path":false,"size":5795,"is_valid":true,"error":0,"file_exists":true,"is_readable":true} 
[2025-06-24 01:58:34] local.INFO: Image uploaded {"path":"temporary/o6extcz25/imagesjpg-111750730314.jpg"} 
[2025-06-24 01:58:34] local.INFO: Before saving temporary file {"intended_path":"temporary/o6extcz25/imagesjpg-111750730314.jpg","full_storage_path":"C:\\laragon\\www\\lara\\storage\\app/temporary/o6extcz25/imagesjpg-111750730314.jpg","directory_exists":false,"directory_writable":false,"file_size":5795,"disk_config":{"driver":"local","root":"C:\\laragon\\www\\lara\\storage\\app","throw":true}} 
[2025-06-24 01:58:34] local.INFO: After saving temporary file {"save_result":true,"file_exists_after_save":true,"file_size_after_save":9823,"full_path_verification":false,"temporary_directory_contents":["temporary/o6extcz25/imagesjpg-111750730314.jpg"]} 
[2025-06-24 01:58:38] local.INFO: Form submission - using saved temporary images {"saved_images_count":1,"saved_images":["temporary/o6extcz25/imagesjpg-111750730314.jpg"]} 
[2025-06-24 01:58:40] local.INFO: Using saved temporary images for form submission {"count":1,"images":["temporary/o6extcz25/imagesjpg-111750730314.jpg"]} 
[2025-06-24 01:58:40] local.INFO: Database table structure verification {"table_columns":["id","country_code","user_id","payment_id","category_id","post_type_id","title","description","tags","price","currency_code","negotiable","contact_name","address","city_id","lon","lat","create_from_ip","latest_update_ip","visits","auth_field","email","phone","phone_national","phone_country","email_token","phone_token","email_verified_at","phone_verified_at","otp_expires_at","last_otp_sent_at","otp_resend_attempts","otp_resend_attempts_expires_at","total_otp_resend_attempts","locked_at","phone_hidden","accept_terms","accept_marketing_offers","is_permanent","featured","tmp_token","reviewed_at","archived_at","archived_manually_at","deletion_mail_sent_at","deleted_at","created_at","updated_at"],"image_related_columns":[]} 
[2025-06-24 01:58:40] local.INFO: Storage configuration verification {"default_disk":"public","local_disk_config":{"driver":"local","root":"C:\\laragon\\www\\lara\\storage\\app","throw":true},"storage_app_path":"C:\\laragon\\www\\lara\\storage\\app","storage_app_exists":true,"storage_app_writable":true,"temporary_directory":"C:\\laragon\\www\\lara\\storage\\app/temporary","temporary_dir_exists":true,"temporary_dir_writable":true} 
[2025-06-24 01:58:40] local.INFO: Checking related image tables {"pictures_table_exists":true,"post_pictures_table_exists":false,"uploads_table_exists":false,"files_table_exists":false} 
[2025-06-24 01:58:40] local.INFO: Pictures table structure {"pictures_columns":["id","post_id","file_path","mime_type","position","active","created_at","updated_at"]} 
[2025-06-24 01:58:40] local.INFO: Starting storeInputDataInDatabase {"post_input_count":24,"pictures_input_count":1,"pictures_input":["temporary/o6extcz25/imagesjpg-111750730314.jpg"],"payment_input_count":0} 
[2025-06-24 01:58:40] local.INFO: Starting image processing in storeInputDataInDatabase {"pictures_input_count":1,"pictures_input":["temporary/o6extcz25/imagesjpg-111750730314.jpg"]} 
[2025-06-24 01:58:40] local.INFO: Processing individual image {"index":0,"temp_path":"temporary/o6extcz25/imagesjpg-111750730314.jpg","temp_file_exists":false,"temp_file_size":"file_not_found","has_temporary_path":false} 
[2025-06-24 01:58:40] local.INFO: Timing analysis {"current_time":"2025-06-24 01:58:40","temp_file_path":"temporary/o6extcz25/imagesjpg-111750730314.jpg","temp_file_exists":false,"temp_directory_contents":["temporary/test-file-1750730170.txt"],"all_temporary_files":["temporary/test-file-1750730170.txt"]} 
[2025-06-24 01:58:40] local.WARNING: Temporary file not found, attempting recovery {"original_path":"temporary/o6extcz25/imagesjpg-111750730314.jpg","attempting_alternatives":true} 
[2025-06-24 01:58:40] local.INFO: Recovery attempt results {"all_temp_files":["temporary/test-file-1750730170.txt"],"possible_matches":[],"recovery_successful":false} 
[2025-06-24 01:58:40] local.ERROR: Unable to recover temporary file {"original_path":"temporary/o6extcz25/imagesjpg-111750730314.jpg","available_files":["temporary/test-file-1750730170.txt"]} 
[2025-06-24 01:58:40] local.INFO: Completed image processing {"final_pictures_count":0,"final_pictures_array":[]} 
[2025-06-24 01:58:40] local.INFO: About to call postService->store {"request_has_pictures":false,"request_files_count":0,"input_array_keys":["category_id","category_type","title","description","price","country_code","selected_admin_type","selected_admin_code","selected_city_id","selected_city_name","city_id","contact_name","auth_field","email","phone","phone_intl","phone_country","currency_code","phone_national","admin_type","admin_code","city_name","is_permanent","create_from_ip","pictures"]} 
[2025-06-24 01:58:40] local.INFO: Post created {"post_id":5,"user_id":1} 
[2025-06-24 01:58:40] local.INFO: Post service store completed {"success":true,"post_id":5,"message":"Your listing has been created.","result_keys":["id","country_code","user_id","payment_id","category_id","post_type_id","title","excerpt","description","tags","price","currency_code","negotiable","contact_name","address","city_id","lat","lon","create_from_ip","latest_update_ip","visits","auth_field","email","phone","phone_national","phone_country","email_token","phone_token","email_verified_at","phone_verified_at","otp_expires_at","last_otp_sent_at","otp_resend_attempts","otp_resend_attempts_expires_at","total_otp_resend_attempts","locked_at","phone_hidden","accept_terms","accept_marketing_offers","is_permanent","featured","tmp_token","reviewed_at","archived_at","archived_manually_at","deletion_mail_sent_at","created_at","updated_at","reference","slug","url","phone_intl","created_at_formatted","updated_at_formatted","archived_at_formatted","archived_manually_at_formatted","user_photo_url","country_flag_url","price_label","price_formatted","visits_formatted","distance_info","count_pictures","picture"]} 
[2025-06-24 01:58:40] local.INFO: Post created successfully {"post_id":5,"message":"Your listing has been created."} 
[2025-06-24 01:58:40] local.INFO: Post resource retrieved {"post_id":5,"post_attributes":[],"post_has_pictures":false,"post_pictures_count":0} 
[2025-06-24 01:58:40] local.INFO: storeInputDataInDatabase completed successfully {"post_id":5,"next_url":"https://lara.test/posts/create/finish"} 
